# JRE version: Java(TM) SE Runtime Environment (24.0.2+12) (build 24.0.2+12-54)
# Java VM: Java HotSpot(TM) 64-Bit Server VM (24.0.2+12-54, mixed mode, sharing, tiered, compressed oops, compressed class ptrs, parallel gc, windows-amd64)
GC Precious Log:
 CardTable entry size: 512
 CPUs: 8 total, 8 available
 Memory: 16167M
 Large Page Support: Disabled
 NUMA Support: Disabled
 Compressed Oops: Enabled (32-bit)
 Alignments: Space 512K, Generation 512K, Heap 2M
 Heap Min Capacity: 100M
 Heap Initial Capacity: 100M
 Heap Max Capacity: 2G
 Pre-touch: Disabled
 Parallel Workers: 8
Heap:
 PSYoungGen      total 32768K, used 19948K [0x00000000d5580000, 0x00000000d7700000, 0x0000000100000000)
  eden space 31232K, 63% used [0x00000000d5580000,0x00000000d68fb0a8,0x00000000d7400000)
  from space 1536K, 0% used [0x00000000d7580000,0x00000000d7580000,0x00000000d7700000)
  to   space 1536K, 0% used [0x00000000d7400000,0x00000000d7400000,0x00000000d7580000)
 ParOldGen       total 161792K, used 110508K [0x0000000080000000, 0x0000000089e00000, 0x00000000d5580000)
  object space 161792K, 68% used [0x0000000080000000,0x0000000086beb090,0x0000000089e00000)
 Metaspace       used 59929K, committed 61376K, reserved 1114112K
  class space    used 5466K, committed 6144K, reserved 1048576K
GC Heap History (20 events):
Event: 24.321 GC heap before
{Heap before GC invocations=46 (full 2):
 PSYoungGen      total 32768K, used 32601K [0x00000000d5580000, 0x00000000d7700000, 0x0000000100000000)
  eden space 31232K, 100% used [0x00000000d5580000,0x00000000d7400000,0x00000000d7400000)
  from space 1536K, 89% used [0x00000000d7400000,0x00000000d7556510,0x00000000d7580000)
  to   space 1536K, 0% used [0x00000000d7580000,0x00000000d7580000,0x00000000d7700000)
 ParOldGen       total 154112K, used 153676K [0x0000000080000000, 0x0000000089680000, 0x00000000d5580000)
  object space 154112K, 99% used [0x0000000080000000,0x0000000089613358,0x0000000089680000)
 Metaspace       used 53989K, committed 55360K, reserved 1114112K
  class space    used 4864K, committed 5440K, reserved 1048576K
}
Event: 24.323 GC heap after
{Heap after GC invocations=46 (full 2):
 PSYoungGen      total 32768K, used 672K [0x00000000d5580000, 0x00000000d7680000, 0x0000000100000000)
  eden space 31744K, 0% used [0x00000000d5580000,0x00000000d5580000,0x00000000d7480000)
  from space 1024K, 65% used [0x00000000d7580000,0x00000000d7628000,0x00000000d7680000)
  to   space 1024K, 0% used [0x00000000d7480000,0x00000000d7480000,0x00000000d7580000)
 ParOldGen       total 155136K, used 154704K [0x0000000080000000, 0x0000000089780000, 0x00000000d5580000)
  object space 155136K, 99% used [0x0000000080000000,0x0000000089714300,0x0000000089780000)
 Metaspace       used 53989K, committed 55360K, reserved 1114112K
  class space    used 4864K, committed 5440K, reserved 1048576K
}
Event: 24.387 GC heap before
{Heap before GC invocations=47 (full 2):
 PSYoungGen      total 32768K, used 32416K [0x00000000d5580000, 0x00000000d7680000, 0x0000000100000000)
  eden space 31744K, 100% used [0x00000000d5580000,0x00000000d7480000,0x00000000d7480000)
  from space 1024K, 65% used [0x00000000d7580000,0x00000000d7628000,0x00000000d7680000)
  to   space 1024K, 0% used [0x00000000d7480000,0x00000000d7480000,0x00000000d7580000)
 ParOldGen       total 155136K, used 154704K [0x0000000080000000, 0x0000000089780000, 0x00000000d5580000)
  object space 155136K, 99% used [0x0000000080000000,0x0000000089714300,0x0000000089780000)
 Metaspace       used 54009K, committed 55360K, reserved 1114112K
  class space    used 4864K, committed 5440K, reserved 1048576K
}
Event: 24.388 GC heap after
{Heap after GC invocations=47 (full 2):
 PSYoungGen      total 32768K, used 704K [0x00000000d5580000, 0x00000000d7680000, 0x0000000100000000)
  eden space 31744K, 0% used [0x00000000d5580000,0x00000000d5580000,0x00000000d7480000)
  from space 1024K, 68% used [0x00000000d7480000,0x00000000d7530000,0x00000000d7580000)
  to   space 1024K, 0% used [0x00000000d7580000,0x00000000d7580000,0x00000000d7680000)
 ParOldGen       total 155648K, used 155272K [0x0000000080000000, 0x0000000089800000, 0x00000000d5580000)
  object space 155648K, 99% used [0x0000000080000000,0x00000000897a2300,0x0000000089800000)
 Metaspace       used 54009K, committed 55360K, reserved 1114112K
  class space    used 4864K, committed 5440K, reserved 1048576K
}
Event: 24.429 GC heap before
{Heap before GC invocations=48 (full 2):
 PSYoungGen      total 32768K, used 32448K [0x00000000d5580000, 0x00000000d7680000, 0x0000000100000000)
  eden space 31744K, 100% used [0x00000000d5580000,0x00000000d7480000,0x00000000d7480000)
  from space 1024K, 68% used [0x00000000d7480000,0x00000000d7530000,0x00000000d7580000)
  to   space 1024K, 0% used [0x00000000d7580000,0x00000000d7580000,0x00000000d7680000)
 ParOldGen       total 155648K, used 155272K [0x0000000080000000, 0x0000000089800000, 0x00000000d5580000)
  object space 155648K, 99% used [0x0000000080000000,0x00000000897a2300,0x0000000089800000)
 Metaspace       used 54013K, committed 55360K, reserved 1114112K
  class space    used 4864K, committed 5440K, reserved 1048576K
}
Event: 24.430 GC heap after
{Heap after GC invocations=48 (full 2):
 PSYoungGen      total 32768K, used 672K [0x00000000d5580000, 0x00000000d7680000, 0x0000000100000000)
  eden space 31744K, 0% used [0x00000000d5580000,0x00000000d5580000,0x00000000d7480000)
  from space 1024K, 65% used [0x00000000d7580000,0x00000000d7628000,0x00000000d7680000)
  to   space 1024K, 0% used [0x00000000d7480000,0x00000000d7480000,0x00000000d7580000)
 ParOldGen       total 156160K, used 155880K [0x0000000080000000, 0x0000000089880000, 0x00000000d5580000)
  object space 156160K, 99% used [0x0000000080000000,0x000000008983a300,0x0000000089880000)
 Metaspace       used 54013K, committed 55360K, reserved 1114112K
  class space    used 4864K, committed 5440K, reserved 1048576K
}
Event: 24.490 GC heap before
{Heap before GC invocations=49 (full 2):
 PSYoungGen      total 32768K, used 32416K [0x00000000d5580000, 0x00000000d7680000, 0x0000000100000000)
  eden space 31744K, 100% used [0x00000000d5580000,0x00000000d7480000,0x00000000d7480000)
  from space 1024K, 65% used [0x00000000d7580000,0x00000000d7628000,0x00000000d7680000)
  to   space 1024K, 0% used [0x00000000d7480000,0x00000000d7480000,0x00000000d7580000)
 ParOldGen       total 156160K, used 155880K [0x0000000080000000, 0x0000000089880000, 0x00000000d5580000)
  object space 156160K, 99% used [0x0000000080000000,0x000000008983a300,0x0000000089880000)
 Metaspace       used 54037K, committed 55360K, reserved 1114112K
  class space    used 4864K, committed 5440K, reserved 1048576K
}
Event: 24.492 GC heap after
{Heap after GC invocations=49 (full 2):
 PSYoungGen      total 32768K, used 768K [0x00000000d5580000, 0x00000000d7680000, 0x0000000100000000)
  eden space 31744K, 0% used [0x00000000d5580000,0x00000000d5580000,0x00000000d7480000)
  from space 1024K, 75% used [0x00000000d7480000,0x00000000d7540000,0x00000000d7580000)
  to   space 1024K, 0% used [0x00000000d7580000,0x00000000d7580000,0x00000000d7680000)
 ParOldGen       total 156672K, used 156460K [0x0000000080000000, 0x0000000089900000, 0x00000000d5580000)
  object space 156672K, 99% used [0x0000000080000000,0x00000000898cb310,0x0000000089900000)
 Metaspace       used 54037K, committed 55360K, reserved 1114112K
  class space    used 4864K, committed 5440K, reserved 1048576K
}
Event: 24.565 GC heap before
{Heap before GC invocations=50 (full 2):
 PSYoungGen      total 32768K, used 32512K [0x00000000d5580000, 0x00000000d7680000, 0x0000000100000000)
  eden space 31744K, 100% used [0x00000000d5580000,0x00000000d7480000,0x00000000d7480000)
  from space 1024K, 75% used [0x00000000d7480000,0x00000000d7540000,0x00000000d7580000)
  to   space 1024K, 0% used [0x00000000d7580000,0x00000000d7580000,0x00000000d7680000)
 ParOldGen       total 156672K, used 156460K [0x0000000080000000, 0x0000000089900000, 0x00000000d5580000)
  object space 156672K, 99% used [0x0000000080000000,0x00000000898cb310,0x0000000089900000)
 Metaspace       used 54052K, committed 55360K, reserved 1114112K
  class space    used 4864K, committed 5440K, reserved 1048576K
}
Event: 24.567 GC heap after
{Heap after GC invocations=50 (full 2):
 PSYoungGen      total 32768K, used 832K [0x00000000d5580000, 0x00000000d7680000, 0x0000000100000000)
  eden space 31744K, 0% used [0x00000000d5580000,0x00000000d5580000,0x00000000d7480000)
  from space 1024K, 81% used [0x00000000d7580000,0x00000000d7650000,0x00000000d7680000)
  to   space 1024K, 0% used [0x00000000d7480000,0x00000000d7480000,0x00000000d7580000)
 ParOldGen       total 157184K, used 157123K [0x0000000080000000, 0x0000000089980000, 0x00000000d5580000)
  object space 157184K, 99% used [0x0000000080000000,0x0000000089970e00,0x0000000089980000)
 Metaspace       used 54052K, committed 55360K, reserved 1114112K
  class space    used 4864K, committed 5440K, reserved 1048576K
}
Event: 24.627 GC heap before
{Heap before GC invocations=51 (full 2):
 PSYoungGen      total 32768K, used 32576K [0x00000000d5580000, 0x00000000d7680000, 0x0000000100000000)
  eden space 31744K, 100% used [0x00000000d5580000,0x00000000d7480000,0x00000000d7480000)
  from space 1024K, 81% used [0x00000000d7580000,0x00000000d7650000,0x00000000d7680000)
  to   space 1024K, 0% used [0x00000000d7480000,0x00000000d7480000,0x00000000d7580000)
 ParOldGen       total 157184K, used 157123K [0x0000000080000000, 0x0000000089980000, 0x00000000d5580000)
  object space 157184K, 99% used [0x0000000080000000,0x0000000089970e00,0x0000000089980000)
 Metaspace       used 54077K, committed 55360K, reserved 1114112K
  class space    used 4865K, committed 5440K, reserved 1048576K
}
Event: 24.629 GC heap after
{Heap after GC invocations=51 (full 2):
 PSYoungGen      total 32256K, used 992K [0x00000000d5580000, 0x00000000d7900000, 0x0000000100000000)
  eden space 31232K, 0% used [0x00000000d5580000,0x00000000d5580000,0x00000000d7400000)
  from space 1024K, 96% used [0x00000000d7480000,0x00000000d7578020,0x00000000d7580000)
  to   space 2560K, 0% used [0x00000000d7680000,0x00000000d7680000,0x00000000d7900000)
 ParOldGen       total 158208K, used 158019K [0x0000000080000000, 0x0000000089a80000, 0x00000000d5580000)
  object space 158208K, 99% used [0x0000000080000000,0x0000000089a50e00,0x0000000089a80000)
 Metaspace       used 54077K, committed 55360K, reserved 1114112K
  class space    used 4865K, committed 5440K, reserved 1048576K
}
Event: 24.727 GC heap before
{Heap before GC invocations=52 (full 2):
 PSYoungGen      total 32256K, used 32224K [0x00000000d5580000, 0x00000000d7900000, 0x0000000100000000)
  eden space 31232K, 100% used [0x00000000d5580000,0x00000000d7400000,0x00000000d7400000)
  from space 1024K, 96% used [0x00000000d7480000,0x00000000d7578020,0x00000000d7580000)
  to   space 2560K, 0% used [0x00000000d7680000,0x00000000d7680000,0x00000000d7900000)
 ParOldGen       total 158208K, used 158019K [0x0000000080000000, 0x0000000089a80000, 0x00000000d5580000)
  object space 158208K, 99% used [0x0000000080000000,0x0000000089a50e00,0x0000000089a80000)
 Metaspace       used 54103K, committed 55424K, reserved 1114112K
  class space    used 4865K, committed 5440K, reserved 1048576K
}
Event: 24.729 GC heap after
{Heap after GC invocations=52 (full 2):
 PSYoungGen      total 32256K, used 1488K [0x00000000d5580000, 0x00000000d7800000, 0x0000000100000000)
  eden space 30720K, 0% used [0x00000000d5580000,0x00000000d5580000,0x00000000d7380000)
  from space 1536K, 96% used [0x00000000d7680000,0x00000000d77f4000,0x00000000d7800000)
  to   space 2048K, 0% used [0x00000000d7400000,0x00000000d7400000,0x00000000d7600000)
 ParOldGen       total 159232K, used 158939K [0x0000000080000000, 0x0000000089b80000, 0x00000000d5580000)
  object space 159232K, 99% used [0x0000000080000000,0x0000000089b36e30,0x0000000089b80000)
 Metaspace       used 54103K, committed 55424K, reserved 1114112K
  class space    used 4865K, committed 5440K, reserved 1048576K
}
Event: 24.824 GC heap before
{Heap before GC invocations=53 (full 2):
 PSYoungGen      total 32256K, used 32208K [0x00000000d5580000, 0x00000000d7800000, 0x0000000100000000)
  eden space 30720K, 100% used [0x00000000d5580000,0x00000000d7380000,0x00000000d7380000)
  from space 1536K, 96% used [0x00000000d7680000,0x00000000d77f4000,0x00000000d7800000)
  to   space 2048K, 0% used [0x00000000d7400000,0x00000000d7400000,0x00000000d7600000)
 ParOldGen       total 159232K, used 158939K [0x0000000080000000, 0x0000000089b80000, 0x00000000d5580000)
  object space 159232K, 99% used [0x0000000080000000,0x0000000089b36e30,0x0000000089b80000)
 Metaspace       used 54164K, committed 55488K, reserved 1114112K
  class space    used 4870K, committed 5440K, reserved 1048576K
}
Event: 24.827 GC heap after
{Heap after GC invocations=53 (full 2):
 PSYoungGen      total 32768K, used 1376K [0x00000000d5580000, 0x00000000d7700000, 0x0000000100000000)
  eden space 31232K, 0% used [0x00000000d5580000,0x00000000d5580000,0x00000000d7400000)
  from space 1536K, 89% used [0x00000000d7400000,0x00000000d7558000,0x00000000d7580000)
  to   space 1536K, 0% used [0x00000000d7580000,0x00000000d7580000,0x00000000d7700000)
 ParOldGen       total 160768K, used 160267K [0x0000000080000000, 0x0000000089d00000, 0x00000000d5580000)
  object space 160768K, 99% used [0x0000000080000000,0x0000000089c82e30,0x0000000089d00000)
 Metaspace       used 54164K, committed 55488K, reserved 1114112K
  class space    used 4870K, committed 5440K, reserved 1048576K
}
Event: 25.389 GC heap before
{Heap before GC invocations=54 (full 2):
 PSYoungGen      total 32768K, used 32608K [0x00000000d5580000, 0x00000000d7700000, 0x0000000100000000)
  eden space 31232K, 100% used [0x00000000d5580000,0x00000000d7400000,0x00000000d7400000)
  from space 1536K, 89% used [0x00000000d7400000,0x00000000d7558000,0x00000000d7580000)
  to   space 1536K, 0% used [0x00000000d7580000,0x00000000d7580000,0x00000000d7700000)
 ParOldGen       total 160768K, used 160267K [0x0000000080000000, 0x0000000089d00000, 0x00000000d5580000)
  object space 160768K, 99% used [0x0000000080000000,0x0000000089c82e30,0x0000000089d00000)
 Metaspace       used 56568K, committed 57984K, reserved 1114112K
  class space    used 5135K, committed 5760K, reserved 1048576K
}
Event: 25.393 GC heap after
{Heap after GC invocations=54 (full 2):
 PSYoungGen      total 32768K, used 1480K [0x00000000d5580000, 0x00000000d7700000, 0x0000000100000000)
  eden space 31232K, 0% used [0x00000000d5580000,0x00000000d5580000,0x00000000d7400000)
  from space 1536K, 96% used [0x00000000d7580000,0x00000000d76f2360,0x00000000d7700000)
  to   space 1536K, 0% used [0x00000000d7400000,0x00000000d7400000,0x00000000d7580000)
 ParOldGen       total 161792K, used 161523K [0x0000000080000000, 0x0000000089e00000, 0x00000000d5580000)
  object space 161792K, 99% used [0x0000000080000000,0x0000000089dbce40,0x0000000089e00000)
 Metaspace       used 56568K, committed 57984K, reserved 1114112K
  class space    used 5135K, committed 5760K, reserved 1048576K
}
Event: 26.192 GC heap before
{Heap before GC invocations=55 (full 3):
 PSYoungGen      total 32768K, used 30587K [0x00000000d5580000, 0x00000000d7700000, 0x0000000100000000)
  eden space 31232K, 93% used [0x00000000d5580000,0x00000000d71eca00,0x00000000d7400000)
  from space 1536K, 96% used [0x00000000d7580000,0x00000000d76f2360,0x00000000d7700000)
  to   space 1536K, 0% used [0x00000000d7400000,0x00000000d7400000,0x00000000d7580000)
 ParOldGen       total 161792K, used 161523K [0x0000000080000000, 0x0000000089e00000, 0x00000000d5580000)
  object space 161792K, 99% used [0x0000000080000000,0x0000000089dbce40,0x0000000089e00000)
 Metaspace       used 58406K, committed 59776K, reserved 1114112K
  class space    used 5311K, committed 5952K, reserved 1048576K
}
Event: 26.296 GC heap after
{Heap after GC invocations=55 (full 3):
 PSYoungGen      total 32768K, used 0K [0x00000000d5580000, 0x00000000d7700000, 0x0000000100000000)
  eden space 31232K, 0% used [0x00000000d5580000,0x00000000d5580000,0x00000000d7400000)
  from space 1536K, 0% used [0x00000000d7580000,0x00000000d7580000,0x00000000d7700000)
  to   space 1536K, 0% used [0x00000000d7400000,0x00000000d7400000,0x00000000d7580000)
 ParOldGen       total 161792K, used 110508K [0x0000000080000000, 0x0000000089e00000, 0x00000000d5580000)
  object space 161792K, 68% used [0x0000000080000000,0x0000000086beb090,0x0000000089e00000)
 Metaspace       used 58405K, committed 59776K, reserved 1114112K
  class space    used 5311K, committed 5952K, reserved 1048576K
}

