# JRE version: Java(TM) SE Runtime Environment (21.0.10+8) (build 21.0.10+8-LTS-217)
# Java VM: Java HotSpot(TM) 64-Bit Server VM (21.0.10+8-LTS-217, mixed mode, emulated-client, sharing, tiered, compressed oops, compressed class ptrs, g1 gc, windows-amd64)
GC Precious Log:
 CardTable entry size: 512
 Card Set container configuration: InlinePtr #cards 4 size 8 Array Of Cards #cards 16 size 48 Howl #buckets 8 coarsen threshold 3686 Howl Bitmap #cards 512 size 80 coarsen threshold 460 Card regions per heap region 1 cards per card region 4096
 CPUs: 8 total, 8 available
 Memory: 16167M
 Large Page Support: Disabled
 NUMA Support: Disabled
 Compressed Oops: Enabled (Zero based)
 Heap Region Size: 2M
 Heap Min Capacity: 8M
 Heap Initial Capacity: 254M
 Heap Max Capacity: 4042M
 Pre-touch: Disabled
 Parallel Workers: 8
 Concurrent Workers: 2
 Concurrent Refinement Workers: 8
 Periodic GC: Disabled
Heap:
 garbage-first heap   total 86016K, used 48442K [0x0000000703600000, 0x0000000800000000)
  region size 2048K, 14 young (28672K), 3 survivors (6144K)
 Metaspace       used 64644K, committed 65472K, reserved 1114112K
  class space    used 9065K, committed 9472K, reserved 1048576K
GC Heap History (20 events):
Event: 2.635 GC heap after
{Heap after GC invocations=9 (full 0):
 garbage-first heap   total 86016K, used 23278K [0x0000000703600000, 0x0000000800000000)
  region size 2048K, 2 young (4096K), 2 survivors (4096K)
 Metaspace       used 44837K, committed 45440K, reserved 1114112K
  class space    used 6371K, committed 6656K, reserved 1048576K
}
Event: 3.166 GC heap before
{Heap before GC invocations=9 (full 0):
 garbage-first heap   total 86016K, used 68334K [0x0000000703600000, 0x0000000800000000)
  region size 2048K, 25 young (51200K), 2 survivors (4096K)
 Metaspace       used 56396K, committed 57088K, reserved 1114112K
  class space    used 7958K, committed 8256K, reserved 1048576K
}
Event: 3.169 GC heap after
{Heap after GC invocations=10 (full 0):
 garbage-first heap   total 86016K, used 25802K [0x0000000703600000, 0x0000000800000000)
  region size 2048K, 4 young (8192K), 4 survivors (8192K)
 Metaspace       used 56396K, committed 57088K, reserved 1114112K
  class space    used 7958K, committed 8256K, reserved 1048576K
}
Event: 3.468 GC heap before
{Heap before GC invocations=10 (full 0):
 garbage-first heap   total 86016K, used 50378K [0x0000000703600000, 0x0000000800000000)
  region size 2048K, 17 young (34816K), 4 survivors (8192K)
 Metaspace       used 59643K, committed 60288K, reserved 1114112K
  class space    used 8429K, committed 8704K, reserved 1048576K
}
Event: 3.472 GC heap after
{Heap after GC invocations=11 (full 0):
 garbage-first heap   total 86016K, used 27783K [0x0000000703600000, 0x0000000800000000)
  region size 2048K, 3 young (6144K), 3 survivors (6144K)
 Metaspace       used 59643K, committed 60288K, reserved 1114112K
  class space    used 8429K, committed 8704K, reserved 1048576K
}
Event: 658.315 GC heap before
{Heap before GC invocations=12 (full 0):
 garbage-first heap   total 86016K, used 66695K [0x0000000703600000, 0x0000000800000000)
  region size 2048K, 24 young (49152K), 3 survivors (6144K)
 Metaspace       used 64363K, committed 65152K, reserved 1114112K
  class space    used 9071K, committed 9408K, reserved 1048576K
}
Event: 658.365 GC heap after
{Heap after GC invocations=13 (full 1):
 garbage-first heap   total 86016K, used 24887K [0x0000000703600000, 0x0000000800000000)
  region size 2048K, 0 young (0K), 0 survivors (0K)
 Metaspace       used 64363K, committed 65152K, reserved 1114112K
  class space    used 9071K, committed 9408K, reserved 1048576K
}
Event: 661.638 GC heap before
{Heap before GC invocations=13 (full 1):
 garbage-first heap   total 86016K, used 69943K [0x0000000703600000, 0x0000000800000000)
  region size 2048K, 23 young (47104K), 0 survivors (0K)
 Metaspace       used 64592K, committed 65408K, reserved 1114112K
  class space    used 9096K, committed 9472K, reserved 1048576K
}
Event: 661.642 GC heap after
{Heap after GC invocations=14 (full 1):
 garbage-first heap   total 86016K, used 29836K [0x0000000703600000, 0x0000000800000000)
  region size 2048K, 3 young (6144K), 3 survivors (6144K)
 Metaspace       used 64592K, committed 65408K, reserved 1114112K
  class space    used 9096K, committed 9472K, reserved 1048576K
}
Event: 663.591 GC heap before
{Heap before GC invocations=14 (full 1):
 garbage-first heap   total 86016K, used 44172K [0x0000000703600000, 0x0000000800000000)
  region size 2048K, 11 young (22528K), 3 survivors (6144K)
 Metaspace       used 64597K, committed 65408K, reserved 1114112K
  class space    used 9097K, committed 9472K, reserved 1048576K
}
Event: 663.643 GC heap after
{Heap after GC invocations=15 (full 2):
 garbage-first heap   total 86016K, used 25476K [0x0000000703600000, 0x0000000800000000)
  region size 2048K, 0 young (0K), 0 survivors (0K)
 Metaspace       used 64248K, committed 65408K, reserved 1114112K
  class space    used 9002K, committed 9472K, reserved 1048576K
}
Event: 666.043 GC heap before
{Heap before GC invocations=15 (full 2):
 garbage-first heap   total 86016K, used 68484K [0x0000000703600000, 0x0000000800000000)
  region size 2048K, 22 young (45056K), 0 survivors (0K)
 Metaspace       used 64362K, committed 65472K, reserved 1114112K
  class space    used 9008K, committed 9472K, reserved 1048576K
}
Event: 666.045 GC heap after
{Heap after GC invocations=16 (full 2):
 garbage-first heap   total 86016K, used 30143K [0x0000000703600000, 0x0000000800000000)
  region size 2048K, 3 young (6144K), 3 survivors (6144K)
 Metaspace       used 64362K, committed 65472K, reserved 1114112K
  class space    used 9008K, committed 9472K, reserved 1048576K
}
Event: 6563.486 GC heap before
{Heap before GC invocations=16 (full 2):
 garbage-first heap   total 86016K, used 69055K [0x0000000703600000, 0x0000000800000000)
  region size 2048K, 22 young (45056K), 3 survivors (6144K)
 Metaspace       used 64366K, committed 65472K, reserved 1114112K
  class space    used 9009K, committed 9472K, reserved 1048576K
}
Event: 6563.496 GC heap after
{Heap after GC invocations=17 (full 2):
 garbage-first heap   total 86016K, used 30168K [0x0000000703600000, 0x0000000800000000)
  region size 2048K, 1 young (2048K), 1 survivors (2048K)
 Metaspace       used 64366K, committed 65472K, reserved 1114112K
  class space    used 9009K, committed 9472K, reserved 1048576K
}
Event: 6599.517 GC heap before
{Heap before GC invocations=17 (full 2):
 garbage-first heap   total 86016K, used 32216K [0x0000000703600000, 0x0000000800000000)
  region size 2048K, 3 young (6144K), 1 survivors (2048K)
 Metaspace       used 64369K, committed 65472K, reserved 1114112K
  class space    used 9009K, committed 9472K, reserved 1048576K
}
Event: 6599.589 GC heap after
{Heap after GC invocations=18 (full 3):
 garbage-first heap   total 86016K, used 22198K [0x0000000703600000, 0x0000000800000000)
  region size 2048K, 0 young (0K), 0 survivors (0K)
 Metaspace       used 64284K, committed 65472K, reserved 1114112K
  class space    used 8994K, committed 9472K, reserved 1048576K
}
Event: 6602.839 GC heap before
{Heap before GC invocations=18 (full 3):
 garbage-first heap   total 86016K, used 65206K [0x0000000703600000, 0x0000000800000000)
  region size 2048K, 22 young (45056K), 0 survivors (0K)
 Metaspace       used 64465K, committed 65472K, reserved 1114112K
  class space    used 9035K, committed 9472K, reserved 1048576K
}
Event: 6602.845 GC heap after
{Heap after GC invocations=19 (full 3):
 garbage-first heap   total 86016K, used 27962K [0x0000000703600000, 0x0000000800000000)
  region size 2048K, 3 young (6144K), 3 survivors (6144K)
 Metaspace       used 64465K, committed 65472K, reserved 1114112K
  class space    used 9035K, committed 9472K, reserved 1048576K
}
Event: 6608.642 GC heap before
{Heap before GC invocations=19 (full 3):
 garbage-first heap   total 86016K, used 48442K [0x0000000703600000, 0x0000000800000000)
  region size 2048K, 14 young (28672K), 3 survivors (6144K)
 Metaspace       used 64644K, committed 65472K, reserved 1114112K
  class space    used 9065K, committed 9472K, reserved 1048576K
}

