# JRE version: Java(TM) SE Runtime Environment (24.0.2+12) (build 24.0.2+12-54)
# Java VM: Java HotSpot(TM) 64-Bit Server VM (24.0.2+12-54, mixed mode, sharing, tiered, compressed oops, compressed class ptrs, parallel gc, windows-amd64)
GC Precious Log:
 CardTable entry size: 512
 CPUs: 8 total, 8 available
 Memory: 16167M
 Large Page Support: Disabled
 NUMA Support: Disabled
 Compressed Oops: Enabled (32-bit)
 Alignments: Space 512K, Generation 512K, Heap 2M
 Heap Min Capacity: 100M
 Heap Initial Capacity: 100M
 Heap Max Capacity: 2G
 Pre-touch: Disabled
 Parallel Workers: 8
Heap:
 PSYoungGen      total 33280K, used 16442K [0x00000000d5580000, 0x00000000d7700000, 0x0000000100000000)
  eden space 32256K, 49% used [0x00000000d5580000,0x00000000d6519898,0x00000000d7500000)
  from space 1024K, 45% used [0x00000000d7500000,0x00000000d7575200,0x00000000d7600000)
  to   space 512K, 0% used [0x00000000d7680000,0x00000000d7680000,0x00000000d7700000)
 ParOldGen       total 867840K, used 867438K [0x0000000080000000, 0x00000000b4f80000, 0x00000000d5580000)
  object space 867840K, 99% used [0x0000000080000000,0x00000000b4f1ba90,0x00000000b4f80000)
 Metaspace       used 83408K, committed 84992K, reserved 1179648K
  class space    used 7693K, committed 8384K, reserved 1048576K
GC Heap History (20 events):
Event: 49322.065 GC heap before
{Heap before GC invocations=267 (full 3):
 PSYoungGen      total 36864K, used 36538K [0x00000000d5580000, 0x00000000d7c80000, 0x0000000100000000)
  eden space 34816K, 100% used [0x00000000d5580000,0x00000000d7780000,0x00000000d7780000)
  from space 2048K, 84% used [0x00000000d7880000,0x00000000d7a2e900,0x00000000d7a80000)
  to   space 2048K, 0% used [0x00000000d7a80000,0x00000000d7a80000,0x00000000d7c80000)
 ParOldGen       total 857600K, used 857203K [0x0000000080000000, 0x00000000b4580000, 0x00000000d5580000)
  object space 857600K, 99% used [0x0000000080000000,0x00000000b451cf38,0x00000000b4580000)
 Metaspace       used 79180K, committed 80768K, reserved 1179648K
  class space    used 7243K, committed 7936K, reserved 1048576K
}
Event: 49322.069 GC heap after
{Heap after GC invocations=267 (full 3):
 PSYoungGen      total 35840K, used 1504K [0x00000000d5580000, 0x00000000d7c00000, 0x0000000100000000)
  eden space 34304K, 0% used [0x00000000d5580000,0x00000000d5580000,0x00000000d7700000)
  from space 1536K, 97% used [0x00000000d7a80000,0x00000000d7bf8308,0x00000000d7c00000)
  to   space 2048K, 0% used [0x00000000d7800000,0x00000000d7800000,0x00000000d7a00000)
 ParOldGen       total 858624K, used 858239K [0x0000000080000000, 0x00000000b4680000, 0x00000000d5580000)
  object space 858624K, 99% used [0x0000000080000000,0x00000000b461fc40,0x00000000b4680000)
 Metaspace       used 79180K, committed 80768K, reserved 1179648K
  class space    used 7243K, committed 7936K, reserved 1048576K
}
Event: 49322.163 GC heap before
{Heap before GC invocations=268 (full 3):
 PSYoungGen      total 35840K, used 35808K [0x00000000d5580000, 0x00000000d7c00000, 0x0000000100000000)
  eden space 34304K, 100% used [0x00000000d5580000,0x00000000d7700000,0x00000000d7700000)
  from space 1536K, 97% used [0x00000000d7a80000,0x00000000d7bf8308,0x00000000d7c00000)
  to   space 2048K, 0% used [0x00000000d7800000,0x00000000d7800000,0x00000000d7a00000)
 ParOldGen       total 858624K, used 858239K [0x0000000080000000, 0x00000000b4680000, 0x00000000d5580000)
  object space 858624K, 99% used [0x0000000080000000,0x00000000b461fc40,0x00000000b4680000)
 Metaspace       used 79254K, committed 80832K, reserved 1179648K
  class space    used 7247K, committed 7936K, reserved 1048576K
}
Event: 49322.165 GC heap after
{Heap after GC invocations=268 (full 3):
 PSYoungGen      total 35840K, used 372K [0x00000000d5580000, 0x00000000d7b00000, 0x0000000100000000)
  eden space 33792K, 0% used [0x00000000d5580000,0x00000000d5580000,0x00000000d7680000)
  from space 2048K, 18% used [0x00000000d7800000,0x00000000d785d200,0x00000000d7a00000)
  to   space 1024K, 0% used [0x00000000d7a00000,0x00000000d7a00000,0x00000000d7b00000)
 ParOldGen       total 859136K, used 858923K [0x0000000080000000, 0x00000000b4700000, 0x00000000d5580000)
  object space 859136K, 99% used [0x0000000080000000,0x00000000b46cad88,0x00000000b4700000)
 Metaspace       used 79254K, committed 80832K, reserved 1179648K
  class space    used 7247K, committed 7936K, reserved 1048576K
}
Event: 49322.224 GC heap before
{Heap before GC invocations=269 (full 3):
 PSYoungGen      total 35840K, used 34062K [0x00000000d5580000, 0x00000000d7b00000, 0x0000000100000000)
  eden space 33792K, 99% used [0x00000000d5580000,0x00000000d76667d0,0x00000000d7680000)
  from space 2048K, 18% used [0x00000000d7800000,0x00000000d785d200,0x00000000d7a00000)
  to   space 1024K, 0% used [0x00000000d7a00000,0x00000000d7a00000,0x00000000d7b00000)
 ParOldGen       total 859136K, used 858923K [0x0000000080000000, 0x00000000b4700000, 0x00000000d5580000)
  object space 859136K, 99% used [0x0000000080000000,0x00000000b46cad88,0x00000000b4700000)
 Metaspace       used 79284K, committed 80832K, reserved 1179648K
  class space    used 7247K, committed 7936K, reserved 1048576K
}
Event: 49322.227 GC heap after
{Heap after GC invocations=269 (full 3):
 PSYoungGen      total 30720K, used 1014K [0x00000000d5580000, 0x00000000d8500000, 0x0000000100000000)
  eden space 29696K, 0% used [0x00000000d5580000,0x00000000d5580000,0x00000000d7280000)
  from space 1024K, 99% used [0x00000000d7a00000,0x00000000d7afd8c8,0x00000000d7b00000)
  to   space 7680K, 0% used [0x00000000d7280000,0x00000000d7280000,0x00000000d7a00000)
 ParOldGen       total 864256K, used 864181K [0x0000000080000000, 0x00000000b4c00000, 0x00000000d5580000)
  object space 864256K, 99% used [0x0000000080000000,0x00000000b4bed720,0x00000000b4c00000)
 Metaspace       used 79284K, committed 80832K, reserved 1179648K
  class space    used 7247K, committed 7936K, reserved 1048576K
}
Event: 49322.273 GC heap before
{Heap before GC invocations=270 (full 3):
 PSYoungGen      total 30720K, used 30609K [0x00000000d5580000, 0x00000000d8500000, 0x0000000100000000)
  eden space 29696K, 99% used [0x00000000d5580000,0x00000000d7266d90,0x00000000d7280000)
  from space 1024K, 99% used [0x00000000d7a00000,0x00000000d7afd8c8,0x00000000d7b00000)
  to   space 7680K, 0% used [0x00000000d7280000,0x00000000d7280000,0x00000000d7a00000)
 ParOldGen       total 864256K, used 864181K [0x0000000080000000, 0x00000000b4c00000, 0x00000000d5580000)
  object space 864256K, 99% used [0x0000000080000000,0x00000000b4bed720,0x00000000b4c00000)
 Metaspace       used 79313K, committed 80896K, reserved 1179648K
  class space    used 7247K, committed 7936K, reserved 1048576K
}
Event: 49322.276 GC heap after
{Heap after GC invocations=270 (full 3):
 PSYoungGen      total 31232K, used 1675K [0x00000000d5580000, 0x00000000d7a80000, 0x0000000100000000)
  eden space 29184K, 0% used [0x00000000d5580000,0x00000000d5580000,0x00000000d7200000)
  from space 2048K, 81% used [0x00000000d7280000,0x00000000d7422cc8,0x00000000d7480000)
  to   space 3584K, 0% used [0x00000000d7700000,0x00000000d7700000,0x00000000d7a80000)
 ParOldGen       total 864768K, used 864338K [0x0000000080000000, 0x00000000b4c80000, 0x00000000d5580000)
  object space 864768K, 99% used [0x0000000080000000,0x00000000b4c14920,0x00000000b4c80000)
 Metaspace       used 79313K, committed 80896K, reserved 1179648K
  class space    used 7247K, committed 7936K, reserved 1048576K
}
Event: 49322.406 GC heap before
{Heap before GC invocations=271 (full 3):
 PSYoungGen      total 31232K, used 30859K [0x00000000d5580000, 0x00000000d7a80000, 0x0000000100000000)
  eden space 29184K, 100% used [0x00000000d5580000,0x00000000d7200000,0x00000000d7200000)
  from space 2048K, 81% used [0x00000000d7280000,0x00000000d7422cc8,0x00000000d7480000)
  to   space 3584K, 0% used [0x00000000d7700000,0x00000000d7700000,0x00000000d7a80000)
 ParOldGen       total 864768K, used 864338K [0x0000000080000000, 0x00000000b4c80000, 0x00000000d5580000)
  object space 864768K, 99% used [0x0000000080000000,0x00000000b4c14920,0x00000000b4c80000)
 Metaspace       used 79397K, committed 80960K, reserved 1179648K
  class space    used 7254K, committed 7936K, reserved 1048576K
}
Event: 49322.408 GC heap after
{Heap after GC invocations=271 (full 3):
 PSYoungGen      total 33280K, used 964K [0x00000000d5580000, 0x00000000d7800000, 0x0000000100000000)
  eden space 32256K, 0% used [0x00000000d5580000,0x00000000d5580000,0x00000000d7500000)
  from space 1024K, 94% used [0x00000000d7700000,0x00000000d77f1230,0x00000000d7800000)
  to   space 1536K, 0% used [0x00000000d7500000,0x00000000d7500000,0x00000000d7680000)
 ParOldGen       total 865792K, used 865504K [0x0000000080000000, 0x00000000b4d80000, 0x00000000d5580000)
  object space 865792K, 99% used [0x0000000080000000,0x00000000b4d383b0,0x00000000b4d80000)
 Metaspace       used 79397K, committed 80960K, reserved 1179648K
  class space    used 7254K, committed 7936K, reserved 1048576K
}
Event: 49322.485 GC heap before
{Heap before GC invocations=272 (full 3):
 PSYoungGen      total 33280K, used 31873K [0x00000000d5580000, 0x00000000d7800000, 0x0000000100000000)
  eden space 32256K, 95% used [0x00000000d5580000,0x00000000d73af2d0,0x00000000d7500000)
  from space 1024K, 94% used [0x00000000d7700000,0x00000000d77f1230,0x00000000d7800000)
  to   space 1536K, 0% used [0x00000000d7500000,0x00000000d7500000,0x00000000d7680000)
 ParOldGen       total 865792K, used 865504K [0x0000000080000000, 0x00000000b4d80000, 0x00000000d5580000)
  object space 865792K, 99% used [0x0000000080000000,0x00000000b4d383b0,0x00000000b4d80000)
 Metaspace       used 79521K, committed 81088K, reserved 1179648K
  class space    used 7264K, committed 7936K, reserved 1048576K
}
Event: 49322.487 GC heap after
{Heap after GC invocations=272 (full 3):
 PSYoungGen      total 33792K, used 320K [0x00000000d5580000, 0x00000000d7780000, 0x0000000100000000)
  eden space 32256K, 0% used [0x00000000d5580000,0x00000000d5580000,0x00000000d7500000)
  from space 1536K, 20% used [0x00000000d7500000,0x00000000d7550020,0x00000000d7680000)
  to   space 1024K, 0% used [0x00000000d7680000,0x00000000d7680000,0x00000000d7780000)
 ParOldGen       total 866304K, used 866095K [0x0000000080000000, 0x00000000b4e00000, 0x00000000d5580000)
  object space 866304K, 99% used [0x0000000080000000,0x00000000b4dcbe20,0x00000000b4e00000)
 Metaspace       used 79521K, committed 81088K, reserved 1179648K
  class space    used 7264K, committed 7936K, reserved 1048576K
}
Event: 49322.578 GC heap before
{Heap before GC invocations=273 (full 3):
 PSYoungGen      total 33792K, used 32576K [0x00000000d5580000, 0x00000000d7780000, 0x0000000100000000)
  eden space 32256K, 100% used [0x00000000d5580000,0x00000000d7500000,0x00000000d7500000)
  from space 1536K, 20% used [0x00000000d7500000,0x00000000d7550020,0x00000000d7680000)
  to   space 1024K, 0% used [0x00000000d7680000,0x00000000d7680000,0x00000000d7780000)
 ParOldGen       total 866304K, used 866095K [0x0000000080000000, 0x00000000b4e00000, 0x00000000d5580000)
  object space 866304K, 99% used [0x0000000080000000,0x00000000b4dcbe20,0x00000000b4e00000)
 Metaspace       used 79540K, committed 81088K, reserved 1179648K
  class space    used 7264K, committed 7936K, reserved 1048576K
}
Event: 49322.580 GC heap after
{Heap after GC invocations=273 (full 3):
 PSYoungGen      total 33792K, used 580K [0x00000000d5580000, 0x00000000d7780000, 0x0000000100000000)
  eden space 32768K, 0% used [0x00000000d5580000,0x00000000d5580000,0x00000000d7580000)
  from space 1024K, 56% used [0x00000000d7680000,0x00000000d7711230,0x00000000d7780000)
  to   space 1024K, 0% used [0x00000000d7580000,0x00000000d7580000,0x00000000d7680000)
 ParOldGen       total 866304K, used 866207K [0x0000000080000000, 0x00000000b4e00000, 0x00000000d5580000)
  object space 866304K, 99% used [0x0000000080000000,0x00000000b4de7e40,0x00000000b4e00000)
 Metaspace       used 79540K, committed 81088K, reserved 1179648K
  class space    used 7264K, committed 7936K, reserved 1048576K
}
Event: 49719.136 GC heap before
{Heap before GC invocations=274 (full 3):
 PSYoungGen      total 33792K, used 33348K [0x00000000d5580000, 0x00000000d7780000, 0x0000000100000000)
  eden space 32768K, 100% used [0x00000000d5580000,0x00000000d7580000,0x00000000d7580000)
  from space 1024K, 56% used [0x00000000d7680000,0x00000000d7711230,0x00000000d7780000)
  to   space 1024K, 0% used [0x00000000d7580000,0x00000000d7580000,0x00000000d7680000)
 ParOldGen       total 866304K, used 866207K [0x0000000080000000, 0x00000000b4e00000, 0x00000000d5580000)
  object space 866304K, 99% used [0x0000000080000000,0x00000000b4de7e40,0x00000000b4e00000)
 Metaspace       used 82549K, committed 84160K, reserved 1179648K
  class space    used 7613K, committed 8320K, reserved 1048576K
}
Event: 49719.141 GC heap after
{Heap after GC invocations=274 (full 3):
 PSYoungGen      total 33280K, used 1022K [0x00000000d5580000, 0x00000000d7800000, 0x0000000100000000)
  eden space 32256K, 0% used [0x00000000d5580000,0x00000000d5580000,0x00000000d7500000)
  from space 1024K, 99% used [0x00000000d7580000,0x00000000d767f8a8,0x00000000d7680000)
  to   space 1536K, 0% used [0x00000000d7680000,0x00000000d7680000,0x00000000d7800000)
 ParOldGen       total 866816K, used 866343K [0x0000000080000000, 0x00000000b4e80000, 0x00000000d5580000)
  object space 866816K, 99% used [0x0000000080000000,0x00000000b4e09e40,0x00000000b4e80000)
 Metaspace       used 82549K, committed 84160K, reserved 1179648K
  class space    used 7613K, committed 8320K, reserved 1048576K
}
Event: 49719.636 GC heap before
{Heap before GC invocations=275 (full 3):
 PSYoungGen      total 33280K, used 33278K [0x00000000d5580000, 0x00000000d7800000, 0x0000000100000000)
  eden space 32256K, 100% used [0x00000000d5580000,0x00000000d7500000,0x00000000d7500000)
  from space 1024K, 99% used [0x00000000d7580000,0x00000000d767f8a8,0x00000000d7680000)
  to   space 1536K, 0% used [0x00000000d7680000,0x00000000d7680000,0x00000000d7800000)
 ParOldGen       total 866816K, used 866343K [0x0000000080000000, 0x00000000b4e80000, 0x00000000d5580000)
  object space 866816K, 99% used [0x0000000080000000,0x00000000b4e09e40,0x00000000b4e80000)
 Metaspace       used 83372K, committed 84992K, reserved 1179648K
  class space    used 7693K, committed 8384K, reserved 1048576K
}
Event: 49719.638 GC heap after
{Heap after GC invocations=275 (full 3):
 PSYoungGen      total 32768K, used 468K [0x00000000d5580000, 0x00000000d7700000, 0x0000000100000000)
  eden space 32256K, 0% used [0x00000000d5580000,0x00000000d5580000,0x00000000d7500000)
  from space 512K, 91% used [0x00000000d7680000,0x00000000d76f5220,0x00000000d7700000)
  to   space 1024K, 0% used [0x00000000d7500000,0x00000000d7500000,0x00000000d7600000)
 ParOldGen       total 867328K, used 867158K [0x0000000080000000, 0x00000000b4f00000, 0x00000000d5580000)
  object space 867328K, 99% used [0x0000000080000000,0x00000000b4ed5a70,0x00000000b4f00000)
 Metaspace       used 83372K, committed 84992K, reserved 1179648K
  class space    used 7693K, committed 8384K, reserved 1048576K
}
Event: 49719.698 GC heap before
{Heap before GC invocations=276 (full 3):
 PSYoungGen      total 32768K, used 32724K [0x00000000d5580000, 0x00000000d7700000, 0x0000000100000000)
  eden space 32256K, 100% used [0x00000000d5580000,0x00000000d7500000,0x00000000d7500000)
  from space 512K, 91% used [0x00000000d7680000,0x00000000d76f5220,0x00000000d7700000)
  to   space 1024K, 0% used [0x00000000d7500000,0x00000000d7500000,0x00000000d7600000)
 ParOldGen       total 867328K, used 867158K [0x0000000080000000, 0x00000000b4f00000, 0x00000000d5580000)
  object space 867328K, 99% used [0x0000000080000000,0x00000000b4ed5a70,0x00000000b4f00000)
 Metaspace       used 83395K, committed 84992K, reserved 1179648K
  class space    used 7693K, committed 8384K, reserved 1048576K
}
Event: 49719.700 GC heap after
{Heap after GC invocations=276 (full 3):
 PSYoungGen      total 33280K, used 468K [0x00000000d5580000, 0x00000000d7700000, 0x0000000100000000)
  eden space 32256K, 0% used [0x00000000d5580000,0x00000000d5580000,0x00000000d7500000)
  from space 1024K, 45% used [0x00000000d7500000,0x00000000d7575200,0x00000000d7600000)
  to   space 512K, 0% used [0x00000000d7680000,0x00000000d7680000,0x00000000d7700000)
 ParOldGen       total 867840K, used 867438K [0x0000000080000000, 0x00000000b4f80000, 0x00000000d5580000)
  object space 867840K, 99% used [0x0000000080000000,0x00000000b4f1ba90,0x00000000b4f80000)
 Metaspace       used 83395K, committed 84992K, reserved 1179648K
  class space    used 7693K, committed 8384K, reserved 1048576K
}

