# JRE version: Java(TM) SE Runtime Environment (24.0.2+12) (build 24.0.2+12-54)
# Java VM: Java HotSpot(TM) 64-Bit Server VM (24.0.2+12-54, mixed mode, sharing, tiered, compressed oops, compressed class ptrs, parallel gc, windows-amd64)
GC Precious Log:
 CardTable entry size: 512
 CPUs: 8 total, 8 available
 Memory: 16167M
 Large Page Support: Disabled
 NUMA Support: Disabled
 Compressed Oops: Enabled (32-bit)
 Alignments: Space 512K, Generation 512K, Heap 2M
 Heap Min Capacity: 100M
 Heap Initial Capacity: 100M
 Heap Max Capacity: 2G
 Pre-touch: Disabled
 Parallel Workers: 8
Heap:
 PSYoungGen      total 37376K, used 6040K [0x00000000d5580000, 0x00000000d7e00000, 0x0000000100000000)
  eden space 31232K, 17% used [0x00000000d5580000,0x00000000d5abe1c8,0x00000000d7400000)
  from space 6144K, 10% used [0x00000000d7400000,0x00000000d74a8020,0x00000000d7a00000)
  to   space 2048K, 0% used [0x00000000d7c00000,0x00000000d7c00000,0x00000000d7e00000)
 ParOldGen       total 88576K, used 88529K [0x0000000080000000, 0x0000000085680000, 0x00000000d5580000)
  object space 88576K, 99% used [0x0000000080000000,0x0000000085674730,0x0000000085680000)
 Metaspace       used 64404K, committed 65728K, reserved 1114112K
  class space    used 5857K, committed 6400K, reserved 1048576K
GC Heap History (20 events):
Event: 13.409 GC heap before
{Heap before GC invocations=59 (full 3):
 PSYoungGen      total 32768K, used 32652K [0x00000000d5580000, 0x00000000d7680000, 0x0000000100000000)
  eden space 31744K, 100% used [0x00000000d5580000,0x00000000d7480000,0x00000000d7480000)
  from space 1024K, 88% used [0x00000000d7480000,0x00000000d7563120,0x00000000d7580000)
  to   space 1024K, 0% used [0x00000000d7580000,0x00000000d7580000,0x00000000d7680000)
 ParOldGen       total 68608K, used 68045K [0x0000000080000000, 0x0000000084300000, 0x00000000d5580000)
  object space 68608K, 99% used [0x0000000080000000,0x0000000084273770,0x0000000084300000)
 Metaspace       used 61001K, committed 62336K, reserved 1114112K
  class space    used 5578K, committed 6080K, reserved 1048576K
}
Event: 13.410 GC heap after
{Heap after GC invocations=59 (full 3):
 PSYoungGen      total 32768K, used 576K [0x00000000d5580000, 0x00000000d7680000, 0x0000000100000000)
  eden space 31744K, 0% used [0x00000000d5580000,0x00000000d5580000,0x00000000d7480000)
  from space 1024K, 56% used [0x00000000d7580000,0x00000000d7610000,0x00000000d7680000)
  to   space 1024K, 0% used [0x00000000d7480000,0x00000000d7480000,0x00000000d7580000)
 ParOldGen       total 69120K, used 68758K [0x0000000080000000, 0x0000000084380000, 0x00000000d5580000)
  object space 69120K, 99% used [0x0000000080000000,0x0000000084325950,0x0000000084380000)
 Metaspace       used 61001K, committed 62336K, reserved 1114112K
  class space    used 5578K, committed 6080K, reserved 1048576K
}
Event: 13.439 GC heap before
{Heap before GC invocations=60 (full 3):
 PSYoungGen      total 32768K, used 32320K [0x00000000d5580000, 0x00000000d7680000, 0x0000000100000000)
  eden space 31744K, 100% used [0x00000000d5580000,0x00000000d7480000,0x00000000d7480000)
  from space 1024K, 56% used [0x00000000d7580000,0x00000000d7610000,0x00000000d7680000)
  to   space 1024K, 0% used [0x00000000d7480000,0x00000000d7480000,0x00000000d7580000)
 ParOldGen       total 69120K, used 68758K [0x0000000080000000, 0x0000000084380000, 0x00000000d5580000)
  object space 69120K, 99% used [0x0000000080000000,0x0000000084325950,0x0000000084380000)
 Metaspace       used 61028K, committed 62336K, reserved 1114112K
  class space    used 5578K, committed 6080K, reserved 1048576K
}
Event: 13.440 GC heap after
{Heap after GC invocations=60 (full 3):
 PSYoungGen      total 32256K, used 985K [0x00000000d5580000, 0x00000000d7700000, 0x0000000100000000)
  eden space 31232K, 0% used [0x00000000d5580000,0x00000000d5580000,0x00000000d7400000)
  from space 1024K, 96% used [0x00000000d7480000,0x00000000d75765f8,0x00000000d7580000)
  to   space 1536K, 0% used [0x00000000d7580000,0x00000000d7580000,0x00000000d7700000)
 ParOldGen       total 69632K, used 69170K [0x0000000080000000, 0x0000000084400000, 0x00000000d5580000)
  object space 69632K, 99% used [0x0000000080000000,0x000000008438cbb8,0x0000000084400000)
 Metaspace       used 61028K, committed 62336K, reserved 1114112K
  class space    used 5578K, committed 6080K, reserved 1048576K
}
Event: 13.474 GC heap before
{Heap before GC invocations=61 (full 3):
 PSYoungGen      total 32256K, used 32217K [0x00000000d5580000, 0x00000000d7700000, 0x0000000100000000)
  eden space 31232K, 100% used [0x00000000d5580000,0x00000000d7400000,0x00000000d7400000)
  from space 1024K, 96% used [0x00000000d7480000,0x00000000d75765f8,0x00000000d7580000)
  to   space 1536K, 0% used [0x00000000d7580000,0x00000000d7580000,0x00000000d7700000)
 ParOldGen       total 69632K, used 69170K [0x0000000080000000, 0x0000000084400000, 0x00000000d5580000)
  object space 69632K, 99% used [0x0000000080000000,0x000000008438cbb8,0x0000000084400000)
 Metaspace       used 61037K, committed 62336K, reserved 1114112K
  class space    used 5578K, committed 6080K, reserved 1048576K
}
Event: 13.475 GC heap after
{Heap after GC invocations=61 (full 3):
 PSYoungGen      total 31744K, used 1514K [0x00000000d5580000, 0x00000000d7880000, 0x0000000100000000)
  eden space 30208K, 0% used [0x00000000d5580000,0x00000000d5580000,0x00000000d7300000)
  from space 1536K, 98% used [0x00000000d7580000,0x00000000d76fa908,0x00000000d7700000)
  to   space 2560K, 0% used [0x00000000d7300000,0x00000000d7300000,0x00000000d7580000)
 ParOldGen       total 70144K, used 69929K [0x0000000080000000, 0x0000000084480000, 0x00000000d5580000)
  object space 70144K, 99% used [0x0000000080000000,0x000000008444a408,0x0000000084480000)
 Metaspace       used 61037K, committed 62336K, reserved 1114112K
  class space    used 5578K, committed 6080K, reserved 1048576K
}
Event: 13.504 GC heap before
{Heap before GC invocations=62 (full 3):
 PSYoungGen      total 31744K, used 31051K [0x00000000d5580000, 0x00000000d7880000, 0x0000000100000000)
  eden space 30208K, 97% used [0x00000000d5580000,0x00000000d72583d8,0x00000000d7300000)
  from space 1536K, 98% used [0x00000000d7580000,0x00000000d76fa908,0x00000000d7700000)
  to   space 2560K, 0% used [0x00000000d7300000,0x00000000d7300000,0x00000000d7580000)
 ParOldGen       total 70144K, used 69929K [0x0000000080000000, 0x0000000084480000, 0x00000000d5580000)
  object space 70144K, 99% used [0x0000000080000000,0x000000008444a408,0x0000000084480000)
 Metaspace       used 61056K, committed 62336K, reserved 1114112K
  class space    used 5578K, committed 6080K, reserved 1048576K
}
Event: 13.506 GC heap after
{Heap after GC invocations=62 (full 3):
 PSYoungGen      total 31744K, used 1488K [0x00000000d5580000, 0x00000000d7680000, 0x0000000100000000)
  eden space 30208K, 0% used [0x00000000d5580000,0x00000000d5580000,0x00000000d7300000)
  from space 1536K, 96% used [0x00000000d7300000,0x00000000d7474360,0x00000000d7480000)
  to   space 2048K, 0% used [0x00000000d7480000,0x00000000d7480000,0x00000000d7680000)
 ParOldGen       total 71680K, used 71352K [0x0000000080000000, 0x0000000084600000, 0x00000000d5580000)
  object space 71680K, 99% used [0x0000000080000000,0x00000000845ae2e8,0x0000000084600000)
 Metaspace       used 61056K, committed 62336K, reserved 1114112K
  class space    used 5578K, committed 6080K, reserved 1048576K
}
Event: 13.550 GC heap before
{Heap before GC invocations=63 (full 3):
 PSYoungGen      total 31744K, used 31696K [0x00000000d5580000, 0x00000000d7680000, 0x0000000100000000)
  eden space 30208K, 100% used [0x00000000d5580000,0x00000000d7300000,0x00000000d7300000)
  from space 1536K, 96% used [0x00000000d7300000,0x00000000d7474360,0x00000000d7480000)
  to   space 2048K, 0% used [0x00000000d7480000,0x00000000d7480000,0x00000000d7680000)
 ParOldGen       total 71680K, used 71352K [0x0000000080000000, 0x0000000084600000, 0x00000000d5580000)
  object space 71680K, 99% used [0x0000000080000000,0x00000000845ae2e8,0x0000000084600000)
 Metaspace       used 61130K, committed 62464K, reserved 1114112K
  class space    used 5578K, committed 6080K, reserved 1048576K
}
Event: 13.553 GC heap after
{Heap after GC invocations=63 (full 3):
 PSYoungGen      total 29696K, used 2047K [0x00000000d5580000, 0x00000000d7a80000, 0x0000000100000000)
  eden space 27648K, 0% used [0x00000000d5580000,0x00000000d5580000,0x00000000d7080000)
  from space 2048K, 99% used [0x00000000d7480000,0x00000000d767ffe0,0x00000000d7680000)
  to   space 4096K, 0% used [0x00000000d7080000,0x00000000d7080000,0x00000000d7480000)
 ParOldGen       total 73216K, used 72803K [0x0000000080000000, 0x0000000084780000, 0x00000000d5580000)
  object space 73216K, 99% used [0x0000000080000000,0x0000000084718fb0,0x0000000084780000)
 Metaspace       used 61130K, committed 62464K, reserved 1114112K
  class space    used 5578K, committed 6080K, reserved 1048576K
}
Event: 13.590 GC heap before
{Heap before GC invocations=64 (full 3):
 PSYoungGen      total 29696K, used 29695K [0x00000000d5580000, 0x00000000d7a80000, 0x0000000100000000)
  eden space 27648K, 100% used [0x00000000d5580000,0x00000000d7080000,0x00000000d7080000)
  from space 2048K, 99% used [0x00000000d7480000,0x00000000d767ffe0,0x00000000d7680000)
  to   space 4096K, 0% used [0x00000000d7080000,0x00000000d7080000,0x00000000d7480000)
 ParOldGen       total 73216K, used 72803K [0x0000000080000000, 0x0000000084780000, 0x00000000d5580000)
  object space 73216K, 99% used [0x0000000080000000,0x0000000084718fb0,0x0000000084780000)
 Metaspace       used 61225K, committed 62528K, reserved 1114112K
  class space    used 5590K, committed 6080K, reserved 1048576K
}
Event: 13.593 GC heap after
{Heap after GC invocations=64 (full 3):
 PSYoungGen      total 31744K, used 954K [0x00000000d5580000, 0x00000000d7680000, 0x0000000100000000)
  eden space 27648K, 0% used [0x00000000d5580000,0x00000000d5580000,0x00000000d7080000)
  from space 4096K, 23% used [0x00000000d7080000,0x00000000d716ebb0,0x00000000d7480000)
  to   space 2048K, 0% used [0x00000000d7480000,0x00000000d7480000,0x00000000d7680000)
 ParOldGen       total 74752K, used 74483K [0x0000000080000000, 0x0000000084900000, 0x00000000d5580000)
  object space 74752K, 99% used [0x0000000080000000,0x00000000848bcf78,0x0000000084900000)
 Metaspace       used 61225K, committed 62528K, reserved 1114112K
  class space    used 5590K, committed 6080K, reserved 1048576K
}
Event: 13.773 GC heap before
{Heap before GC invocations=65 (full 3):
 PSYoungGen      total 31744K, used 28602K [0x00000000d5580000, 0x00000000d7680000, 0x0000000100000000)
  eden space 27648K, 100% used [0x00000000d5580000,0x00000000d7080000,0x00000000d7080000)
  from space 4096K, 23% used [0x00000000d7080000,0x00000000d716ebb0,0x00000000d7480000)
  to   space 2048K, 0% used [0x00000000d7480000,0x00000000d7480000,0x00000000d7680000)
 ParOldGen       total 74752K, used 74483K [0x0000000080000000, 0x0000000084900000, 0x00000000d5580000)
  object space 74752K, 99% used [0x0000000080000000,0x00000000848bcf78,0x0000000084900000)
 Metaspace       used 62082K, committed 63360K, reserved 1114112K
  class space    used 5647K, committed 6144K, reserved 1048576K
}
Event: 13.775 GC heap after
{Heap after GC invocations=65 (full 3):
 PSYoungGen      total 29184K, used 2039K [0x00000000d5580000, 0x00000000d7800000, 0x0000000100000000)
  eden space 27136K, 0% used [0x00000000d5580000,0x00000000d5580000,0x00000000d7000000)
  from space 2048K, 99% used [0x00000000d7480000,0x00000000d767dd60,0x00000000d7680000)
  to   space 4096K, 0% used [0x00000000d7000000,0x00000000d7000000,0x00000000d7400000)
 ParOldGen       total 75776K, used 75763K [0x0000000080000000, 0x0000000084a00000, 0x00000000d5580000)
  object space 75776K, 99% used [0x0000000080000000,0x00000000849fcdb8,0x0000000084a00000)
 Metaspace       used 62082K, committed 63360K, reserved 1114112K
  class space    used 5647K, committed 6144K, reserved 1048576K
}
Event: 13.854 GC heap before
{Heap before GC invocations=66 (full 3):
 PSYoungGen      total 29184K, used 29175K [0x00000000d5580000, 0x00000000d7800000, 0x0000000100000000)
  eden space 27136K, 100% used [0x00000000d5580000,0x00000000d7000000,0x00000000d7000000)
  from space 2048K, 99% used [0x00000000d7480000,0x00000000d767dd60,0x00000000d7680000)
  to   space 4096K, 0% used [0x00000000d7000000,0x00000000d7000000,0x00000000d7400000)
 ParOldGen       total 75776K, used 75763K [0x0000000080000000, 0x0000000084a00000, 0x00000000d5580000)
  object space 75776K, 99% used [0x0000000080000000,0x00000000849fcdb8,0x0000000084a00000)
 Metaspace       used 62127K, committed 63360K, reserved 1114112K
  class space    used 5650K, committed 6144K, reserved 1048576K
}
Event: 13.859 GC heap after
{Heap after GC invocations=66 (full 3):
 PSYoungGen      total 30720K, used 4085K [0x00000000d5580000, 0x00000000d8b80000, 0x0000000100000000)
  eden space 26624K, 0% used [0x00000000d5580000,0x00000000d5580000,0x00000000d6f80000)
  from space 4096K, 99% used [0x00000000d7000000,0x00000000d73fd500,0x00000000d7400000)
  to   space 14336K, 0% used [0x00000000d7d80000,0x00000000d7d80000,0x00000000d8b80000)
 ParOldGen       total 84480K, used 84008K [0x0000000080000000, 0x0000000085280000, 0x00000000d5580000)
  object space 84480K, 99% used [0x0000000080000000,0x000000008520a370,0x0000000085280000)
 Metaspace       used 62127K, committed 63360K, reserved 1114112K
  class space    used 5650K, committed 6144K, reserved 1048576K
}
Event: 13.906 GC heap before
{Heap before GC invocations=67 (full 3):
 PSYoungGen      total 30720K, used 30551K [0x00000000d5580000, 0x00000000d8b80000, 0x0000000100000000)
  eden space 26624K, 99% used [0x00000000d5580000,0x00000000d6f58700,0x00000000d6f80000)
  from space 4096K, 99% used [0x00000000d7000000,0x00000000d73fd500,0x00000000d7400000)
  to   space 14336K, 0% used [0x00000000d7d80000,0x00000000d7d80000,0x00000000d8b80000)
 ParOldGen       total 84480K, used 84008K [0x0000000080000000, 0x0000000085280000, 0x00000000d5580000)
  object space 84480K, 99% used [0x0000000080000000,0x000000008520a370,0x0000000085280000)
 Metaspace       used 62172K, committed 63424K, reserved 1114112K
  class space    used 5651K, committed 6144K, reserved 1048576K
}
Event: 13.908 GC heap after
{Heap after GC invocations=67 (full 3):
 PSYoungGen      total 28672K, used 2154K [0x00000000d5580000, 0x00000000d8000000, 0x0000000100000000)
  eden space 26112K, 0% used [0x00000000d5580000,0x00000000d5580000,0x00000000d6f00000)
  from space 2560K, 84% used [0x00000000d7d80000,0x00000000d7f9ab40,0x00000000d8000000)
  to   space 6144K, 0% used [0x00000000d7400000,0x00000000d7400000,0x00000000d7a00000)
 ParOldGen       total 87552K, used 87226K [0x0000000080000000, 0x0000000085580000, 0x00000000d5580000)
  object space 87552K, 99% used [0x0000000080000000,0x000000008552ebc0,0x0000000085580000)
 Metaspace       used 62172K, committed 63424K, reserved 1114112K
  class space    used 5651K, committed 6144K, reserved 1048576K
}
Event: 30.967 GC heap before
{Heap before GC invocations=68 (full 3):
 PSYoungGen      total 28672K, used 28266K [0x00000000d5580000, 0x00000000d8000000, 0x0000000100000000)
  eden space 26112K, 100% used [0x00000000d5580000,0x00000000d6f00000,0x00000000d6f00000)
  from space 2560K, 84% used [0x00000000d7d80000,0x00000000d7f9ab40,0x00000000d8000000)
  to   space 6144K, 0% used [0x00000000d7400000,0x00000000d7400000,0x00000000d7a00000)
 ParOldGen       total 87552K, used 87226K [0x0000000080000000, 0x0000000085580000, 0x00000000d5580000)
  object space 87552K, 99% used [0x0000000080000000,0x000000008552ebc0,0x0000000085580000)
 Metaspace       used 64099K, committed 65472K, reserved 1114112K
  class space    used 5829K, committed 6400K, reserved 1048576K
}
Event: 30.969 GC heap after
{Heap after GC invocations=68 (full 3):
 PSYoungGen      total 37376K, used 672K [0x00000000d5580000, 0x00000000d7e00000, 0x0000000100000000)
  eden space 31232K, 0% used [0x00000000d5580000,0x00000000d5580000,0x00000000d7400000)
  from space 6144K, 10% used [0x00000000d7400000,0x00000000d74a8020,0x00000000d7a00000)
  to   space 2048K, 0% used [0x00000000d7c00000,0x00000000d7c00000,0x00000000d7e00000)
 ParOldGen       total 88576K, used 88529K [0x0000000080000000, 0x0000000085680000, 0x00000000d5580000)
  object space 88576K, 99% used [0x0000000080000000,0x0000000085674730,0x0000000085680000)
 Metaspace       used 64099K, committed 65472K, reserved 1114112K
  class space    used 5829K, committed 6400K, reserved 1048576K
}

